make all --print-data-base --no-builtin-variables --no-builtin-rules --question
# GNU Make 3.81
# Copyright (C) 2006  Free Software Foundation, Inc.
# This is free software; see the source for copying conditions.
# There is NO warranty; not even for MERCHANTABILITY or FITNESS FOR A
# PARTICULAR PURPOSE.

# This program built for i386-apple-darwin11.3.0
 
tput: No value for $TERM and no -T specified


# Make data base, printed on Sat Apr 29 18:46:13 2023

# Variables

# automatic
<D = $(patsubst %/,%,$(dir $<))
# automatic
?F = $(notdir $?)
# environment
VSCODE_CRASH_REPORTER_PROCESS_TYPE = extensionHost
# automatic
?D = $(patsubst %/,%,$(dir $?))
# automatic
@D = $(patsubst %/,%,$(dir $@))
# automatic
@F = $(notdir $@)
# makefile
CURDIR := /Users/msaouab/Desktop/oldtrans
# makefile
SHELL = /bin/sh
# environment
VSCODE_NLS_CONFIG = {"locale":"en-us","osLocale":"en","availableLanguages":{},"_languagePackSupport":true}
# environment
_ = /usr/bin/make
# makefile (from `Makefile', line 6)
BLUE = \033[1;34m
# makefile (from `Makefile', line 1)
MAKEFILE_LIST :=  Makefile
# makefile (from `Makefile', line 7)
ED = \033[0m
# environment
VSCODE_CWD = /
# environment
Apple_PubSub_Socket_Render = /private/tmp/com.apple.launchd.OI8UrQB9Ke/Render
# environment
PATH = /usr/bin:/bin:/usr/sbin:/sbin:/usr/local/bin
# environment
ELECTRON_RUN_AS_NODE = 1
# default
.FEATURES := target-specific order-only second-expansion else-if archives jobserver check-symlink
# environment
SSH_AUTH_SOCK = /private/tmp/com.apple.launchd.zWdHcWHDJw/Listeners
# automatic
%F = $(notdir $%)
# environment
PWD = /Users/msaouab/Desktop/oldtrans
# environment
ORIGINAL_XDG_CURRENT_DESKTOP = undefined
# makefile (from `Makefile', line 4)
GREEN = \033[1;32m
# environment
VSCODE_AMD_ENTRYPOINT = vs/workbench/api/node/extensionHostProcess
# environment
HOME = /Users/msaouab
# default
MAKEFILEPATH := /Applications/Xcode.app/Contents/Developer/Makefiles
# environment
VSCODE_CODE_CACHE_PATH = /Users/msaouab/Library/Application Support/Code/CachedData/704ed70d4fd1c6bd6342c436f1ede30d1cff4710
# environment
LOGNAME = msaouab
# environment
APPLICATION_INSIGHTS_NO_DIAGNOSTIC_CHANNEL = 1
# environment
VSCODE_HANDLES_UNCAUGHT_ERRORS = true
# automatic
^D = $(patsubst %/,%,$(dir $^))
# environment
XPC_FLAGS = 0x0
# default
MAKE = $(MAKE_COMMAND)
# default
MAKECMDGOALS := all
# environment
SHLVL = 1
# default
MAKE_VERSION := 3.81
# environment
USER = msaouab
# makefile
.DEFAULT_GOAL := all
# automatic
%D = $(patsubst %/,%,$(dir $%))
# default
MAKE_COMMAND := /Applications/Xcode.app/Contents/Developer/usr/bin/make
# default
.VARIABLES := 
# environment
TMPDIR = /var/folders/zz/zyxvpxvq6csfxvn_n00007dm0001vd/T/
# automatic
*F = $(notdir $*)
# environment
VSCODE_IPC_HOOK = /Users/msaouab/Library/Application Support/Code/1.77-main.sock
# environment
MallocNanoZone = 0
# makefile (from `Makefile', line 3)
RED = \033[1;31m
# makefile
MAKEFLAGS = Rrqp
# environment
MFLAGS = -Rrqp
# automatic
*D = $(patsubst %/,%,$(dir $*))
# environment
XPC_SERVICE_NAME = com.apple.xpc.launchd.oneshot.0x10000001.Electron
# automatic
+D = $(patsubst %/,%,$(dir $+))
# makefile (from `Makefile', line 5)
YELLOW = \033[1;33m
# environment
VSCODE_L10N_BUNDLE_LOCATION = 
# automatic
+F = $(notdir $+)
# makefile (from `Makefile', line 1)
bold = $(shell tput bold)
# environment
__CF_USER_TEXT_ENCODING = 0x76D:0x0:0x0
# environment
COMMAND_MODE = unix2003
# default
MAKEFILES := 
# automatic
<F = $(notdir $<)
# environment
LC_ALL = C
# environment
SECURITYSESSIONID = 186a8
# automatic
^F = $(notdir $^)
# default
SUFFIXES := 
# default
.INCLUDE_DIRS = /usr/local/include
# environment
MAKELEVEL := 0
# environment
LANG = C
# environment
VSCODE_PID = 2166
# variable set hash-table stats:
# Load=67/1024=7%, Rehash=0, Collisions=4/101=4%

# Pattern-specific Variable Values

# No pattern-specific variable values.

# Directories

# . (device 16777227, inode 5103417): 18 files, no impossibilities.

# 18 files, no impossibilities in 1 directories.

# Implicit Rules

# No implicit rules.

# Files

stop:
#  Implicit rule search has not been done.
#  Modification time never checked.
#  File has not been updated.
#  commands to execute (from `Makefile', line 42):
	@echo "$(GREEN)███████████████████ Stop Containers ███████████████████$(ED)"
	@docker stop nest postgres adminer || true
	

all: credit env up
#  Command-line target.
#  Implicit rule search has been done.
#  File does not exist.
#  File has been updated.
#  Needs to be updated (-q is set).
# variable set hash-table stats:
# Load=0/32=0%, Rehash=0, Collisions=0/10=0%

up:
#  Implicit rule search has not been done.
#  Modification time never checked.
#  File has not been updated.
#  commands to execute (from `Makefile', line 37):
	@echo "$(GREEN)█████████████████████ Run Images ████████████████████$(ED)"
	@cd srcs && docker-compose up -d --build
	

# Not a target:
.SUFFIXES:
#  Implicit rule search has not been done.
#  Modification time never checked.
#  File has not been updated.

# Not a target:
Makefile:
#  Implicit rule search has been done.
#  Last modified 2023-04-25 16:53:06
#  File has been updated.
#  Successfully updated.
# variable set hash-table stats:
# Load=0/32=0%, Rehash=0, Collisions=0/0=0%

credit:
#  Implicit rule search has not been done.
#  Implicit/static pattern stem: `'
#  File does not exist.
#  File has been updated.
#  Needs to be updated (-q is set).
# automatic
# @ := credit
# automatic
# % := 
# automatic
# * := 
# automatic
# + := 
# automatic
# | := 
# automatic
# < := 
# automatic
# ^ := 
# automatic
# ? := 
# variable set hash-table stats:
# Load=8/32=25%, Rehash=0, Collisions=5/18=28%
#  commands to execute (from `Makefile', line 15):
	@echo "${GREEN}"
	@echo "███████╗████████╗  ████████╗██████╗  █████╗ ███╗   ██╗███████╗ ██████╗███████╗███╗   ██╗███████╗ ███████╗███╗   ██╗ ██████╗███████╗"
	@echo "██╔════╝╚══██╔══╝  ╚══██╔══╝██╔══██╗██╔══██╗████╗  ██║██╔════╝██╔════╝██╔════╝████╗  ██║██╔═══██╗██╔════╝████╗  ██║██╔════╝██╔════╝"
	@echo "█████╗     ██║        ██║   ██████╔╝███████║██╔██╗ ██║███████╗██║     █████╗  ██╔██╗ ██║██║   ██║█████╗  ██╔██╗ ██║██║     █████╗  "
	@echo "██╔══╝     ██║        ██║   ██╔══██╗██╔══██║██║╚██╗██║╚════██║██║     ██╔══╝  ██║╚██╗██║██║   ██║██╔══╝  ██║╚██╗██║██║     ██╔══╝  "
	@echo "██║        ██║███████║██║   ██║  ██║██║  ██║██║ ╚████║███████║╚██████╗███████╗██║ ╚████║███████╔╝███████╗██║ ╚████║╚██████╗███████╗"
	@echo "╚═╝        ╚═╝╚══════╝╚═╝   ╚═╝  ╚═╝╚═╝  ╚═╝╚═╝  ╚═══╝╚══════╝ ╚═════╝╚══════╝╚═╝  ╚═══╝╚══════╝ ╚══════╝╚═╝  ╚═══╝ ╚═════╝╚══════╝${ED}"
	@echo "╔═════════════════════════════════════════════════════════════════════════════════════════════════════════════════════════════════╗"
 
	@echo "║████████████████████████████████████ ${bold}${GREEN}created-by: ${BLUE}{msaouab}{iqessam}{ichoukri}{ren-nasr}{mbehhar}${ED} ████████████████████████████████║"
	@echo "╚═════════════════════════════════════════════════════════════════════════════════════════════════════════════════════════════════╝"
	

start:
#  Implicit rule search has not been done.
#  Modification time never checked.
#  File has not been updated.
#  commands to execute (from `Makefile', line 46):
	@echo "$(GREEN)███████████████████ Start Containers ███████████████████$(ED)"
	@cd srcs && docker-compose start
	

build:
#  Implicit rule search has not been done.
#  Modification time never checked.
#  File has not been updated.
#  commands to execute (from `Makefile', line 33):
	@echo "$(GREEN)█████████████████████ Build Images ████████████████████$(ED)"
	@cd srcs && docker-compose build
	

fclean: clean
#  Implicit rule search has not been done.
#  Modification time never checked.
#  File has not been updated.
#  commands to execute (from `Makefile', line 55):
	@echo "$(GREEN)████████████████████ Remove Containers/Volumes/Networks ████████████████████$(ED)"
	@cd srcs && docker-compose down || true 
	@rm -rf ./srcs/requirements/db || true
	@rm -rf ./srcs/.env || true
	@rm -rf ./srcs/requirements/Backend/src/.env || true
	

# Not a target:
.DEFAULT:
#  Implicit rule search has not been done.
#  Modification time never checked.
#  File has not been updated.

re: fclean all
#  Implicit rule search has not been done.
#  Modification time never checked.
#  File has not been updated.

clean: stop
#  Implicit rule search has not been done.
#  Modification time never checked.
#  File has not been updated.
#  commands to execute (from `Makefile', line 50):
	@echo "$(GREEN)████████████████████ Remove Containers ████████████████████$(ED)"
	@docker rm nest postgres adminer || true
	

env:
#  Implicit rule search has not been done.
#  Modification time never checked.
#  File has not been updated.
#  commands to execute (from `Makefile', line 28):
	@mkdir -p ./srcs/requirements/db
	@cp ./srcs/env-example ./srcs/.env
	@cp ./srcs/requirements/Backend/src/db-env-example ./srcs/requirements/Backend/src/.env
	

# files hash-table stats:
# Load=13/1024=1%, Rehash=0, Collisions=0/34=0%
# VPATH Search Paths

# No `vpath' search paths.

# No general (`VPATH' variable) search path.

# # of strings in strcache: 1
# # of strcache buffers: 1
# strcache size: total = 4096 / max = 4096 / min = 4096 / avg = 4096
# strcache free: total = 4087 / max = 4087 / min = 4087 / avg = 4087

# Finished Make data base on Sat Apr 29 18:46:13 2023

 
